# JRE version: Java(TM) SE Runtime Environment (19.0.1+10) (build 19.0.1+10-21)
# Java VM: Java HotSpot(TM) 64-Bit Server VM (19.0.1+10-21, mixed mode, sharing, tiered, compressed oops, compressed class ptrs, g1 gc, windows-amd64)
GC Precious Log:
 CardTable entry size: 512
 Card Set container configuration: InlinePtr #cards 5 size 8 Array Of Cards #cards 12 size 40 Howl #buckets 4 coarsen threshold 1843 Howl Bitmap #cards 512 size 80 coarsen threshold 460 Card regions per heap region 1 cards per card region 2048
 CPUs: 4 total, 4 available
 Memory: 7609M
 Large Page Support: Disabled
 NUMA Support: Disabled
 Compressed Oops: Enabled (32-bit)
 Heap Region Size: 1M
 Heap Min Capacity: 8M
 Heap Initial Capacity: 120M
 Heap Max Capacity: 1G
 Pre-touch: Disabled
 Parallel Workers: 4
 Concurrent Workers: 1
 Concurrent Refinement Workers: 4
 Periodic GC: Disabled
Heap:
 garbage-first heap   total 503808K, used 440859K [0x00000000c0000000, 0x0000000100000000)
  region size 1024K, 194 young (198656K), 13 survivors (13312K)
 Metaspace       used 111311K, committed 113344K, reserved 1179648K
  class space    used 14610K, committed 15680K, reserved 1048576K
GC Heap History (20 events):
Event: 123.517 GC heap before
{Heap before GC invocations=79 (full 0):
 garbage-first heap   total 503808K, used 437935K [0x00000000c0000000, 0x0000000100000000)
  region size 1024K, 199 young (203776K), 14 survivors (14336K)
 Metaspace       used 110819K, committed 112896K, reserved 1179648K
  class space    used 14583K, committed 15680K, reserved 1048576K
}
Event: 123.573 GC heap after
{Heap after GC invocations=80 (full 0):
 garbage-first heap   total 503808K, used 247808K [0x00000000c0000000, 0x0000000100000000)
  region size 1024K, 12 young (12288K), 12 survivors (12288K)
 Metaspace       used 110819K, committed 112896K, reserved 1179648K
  class space    used 14583K, committed 15680K, reserved 1048576K
}
Event: 124.770 GC heap before
{Heap before GC invocations=80 (full 0):
 garbage-first heap   total 503808K, used 439296K [0x00000000c0000000, 0x0000000100000000)
  region size 1024K, 200 young (204800K), 12 survivors (12288K)
 Metaspace       used 110993K, committed 113088K, reserved 1179648K
  class space    used 14591K, committed 15680K, reserved 1048576K
}
Event: 124.807 GC heap after
{Heap after GC invocations=81 (full 0):
 garbage-first heap   total 503808K, used 250432K [0x00000000c0000000, 0x0000000100000000)
  region size 1024K, 15 young (15360K), 15 survivors (15360K)
 Metaspace       used 110993K, committed 113088K, reserved 1179648K
  class space    used 14591K, committed 15680K, reserved 1048576K
}
Event: 126.043 GC heap before
{Heap before GC invocations=81 (full 0):
 garbage-first heap   total 503808K, used 441920K [0x00000000c0000000, 0x0000000100000000)
  region size 1024K, 197 young (201728K), 15 survivors (15360K)
 Metaspace       used 111095K, committed 113152K, reserved 1179648K
  class space    used 14594K, committed 15680K, reserved 1048576K
}
Event: 126.235 GC heap after
{Heap after GC invocations=82 (full 0):
 garbage-first heap   total 503808K, used 255566K [0x00000000c0000000, 0x0000000100000000)
  region size 1024K, 15 young (15360K), 15 survivors (15360K)
 Metaspace       used 111095K, committed 113152K, reserved 1179648K
  class space    used 14594K, committed 15680K, reserved 1048576K
}
Event: 127.366 GC heap before
{Heap before GC invocations=82 (full 0):
 garbage-first heap   total 503808K, used 435790K [0x00000000c0000000, 0x0000000100000000)
  region size 1024K, 192 young (196608K), 15 survivors (15360K)
 Metaspace       used 111142K, committed 113216K, reserved 1179648K
  class space    used 14596K, committed 15680K, reserved 1048576K
}
Event: 127.613 GC heap after
{Heap after GC invocations=83 (full 0):
 garbage-first heap   total 503808K, used 251420K [0x00000000c0000000, 0x0000000100000000)
  region size 1024K, 11 young (11264K), 11 survivors (11264K)
 Metaspace       used 111142K, committed 113216K, reserved 1179648K
  class space    used 14596K, committed 15680K, reserved 1048576K
}
Event: 128.689 GC heap before
{Heap before GC invocations=83 (full 0):
 garbage-first heap   total 503808K, used 438812K [0x00000000c0000000, 0x0000000100000000)
  region size 1024K, 194 young (198656K), 11 survivors (11264K)
 Metaspace       used 111163K, committed 113216K, reserved 1179648K
  class space    used 14598K, committed 15680K, reserved 1048576K
}
Event: 128.721 GC heap after
{Heap after GC invocations=84 (full 0):
 garbage-first heap   total 503808K, used 251420K [0x00000000c0000000, 0x0000000100000000)
  region size 1024K, 11 young (11264K), 11 survivors (11264K)
 Metaspace       used 111163K, committed 113216K, reserved 1179648K
  class space    used 14598K, committed 15680K, reserved 1048576K
}
Event: 129.704 GC heap before
{Heap before GC invocations=84 (full 0):
 garbage-first heap   total 503808K, used 439836K [0x00000000c0000000, 0x0000000100000000)
  region size 1024K, 195 young (199680K), 11 survivors (11264K)
 Metaspace       used 111182K, committed 113280K, reserved 1179648K
  class space    used 14600K, committed 15680K, reserved 1048576K
}
Event: 129.731 GC heap after
{Heap after GC invocations=85 (full 0):
 garbage-first heap   total 503808K, used 253468K [0x00000000c0000000, 0x0000000100000000)
  region size 1024K, 13 young (13312K), 13 survivors (13312K)
 Metaspace       used 111182K, committed 113280K, reserved 1179648K
  class space    used 14600K, committed 15680K, reserved 1048576K
}
Event: 130.983 GC heap before
{Heap before GC invocations=85 (full 0):
 garbage-first heap   total 503808K, used 438812K [0x00000000c0000000, 0x0000000100000000)
  region size 1024K, 194 young (198656K), 13 survivors (13312K)
 Metaspace       used 111226K, committed 113280K, reserved 1179648K
  class space    used 14605K, committed 15680K, reserved 1048576K
}
Event: 131.007 GC heap after
{Heap after GC invocations=86 (full 0):
 garbage-first heap   total 503808K, used 251932K [0x00000000c0000000, 0x0000000100000000)
  region size 1024K, 12 young (12288K), 12 survivors (12288K)
 Metaspace       used 111226K, committed 113280K, reserved 1179648K
  class space    used 14605K, committed 15680K, reserved 1048576K
}
Event: 132.041 GC heap before
{Heap before GC invocations=86 (full 0):
 garbage-first heap   total 503808K, used 439324K [0x00000000c0000000, 0x0000000100000000)
  region size 1024K, 195 young (199680K), 12 survivors (12288K)
 Metaspace       used 111233K, committed 113280K, reserved 1179648K
  class space    used 14605K, committed 15680K, reserved 1048576K
}
Event: 132.066 GC heap after
{Heap after GC invocations=87 (full 0):
 garbage-first heap   total 503808K, used 251932K [0x00000000c0000000, 0x0000000100000000)
  region size 1024K, 12 young (12288K), 12 survivors (12288K)
 Metaspace       used 111233K, committed 113280K, reserved 1179648K
  class space    used 14605K, committed 15680K, reserved 1048576K
}
Event: 133.359 GC heap before
{Heap before GC invocations=87 (full 0):
 garbage-first heap   total 503808K, used 439324K [0x00000000c0000000, 0x0000000100000000)
  region size 1024K, 195 young (199680K), 12 survivors (12288K)
 Metaspace       used 111240K, committed 113280K, reserved 1179648K
  class space    used 14605K, committed 15680K, reserved 1048576K
}
Event: 133.389 GC heap after
{Heap after GC invocations=88 (full 0):
 garbage-first heap   total 503808K, used 252956K [0x00000000c0000000, 0x0000000100000000)
  region size 1024K, 13 young (13312K), 13 survivors (13312K)
 Metaspace       used 111240K, committed 113280K, reserved 1179648K
  class space    used 14605K, committed 15680K, reserved 1048576K
}
Event: 135.022 GC heap before
{Heap before GC invocations=88 (full 0):
 garbage-first heap   total 503808K, used 440348K [0x00000000c0000000, 0x0000000100000000)
  region size 1024K, 194 young (198656K), 13 survivors (13312K)
 Metaspace       used 111283K, committed 113344K, reserved 1179648K
  class space    used 14608K, committed 15680K, reserved 1048576K
}
Event: 135.052 GC heap after
{Heap after GC invocations=89 (full 0):
 garbage-first heap   total 503808K, used 253468K [0x00000000c0000000, 0x0000000100000000)
  region size 1024K, 13 young (13312K), 13 survivors (13312K)
 Metaspace       used 111283K, committed 113344K, reserved 1179648K
  class space    used 14608K, committed 15680K, reserved 1048576K
}

