# JRE version: Java(TM) SE Runtime Environment (19.0.1+10) (build 19.0.1+10-21)
# Java VM: Java HotSpot(TM) 64-Bit Server VM (19.0.1+10-21, mixed mode, sharing, tiered, compressed oops, compressed class ptrs, g1 gc, windows-amd64)
GC Precious Log:
 CardTable entry size: 512
 Card Set container configuration: InlinePtr #cards 5 size 8 Array Of Cards #cards 12 size 40 Howl #buckets 4 coarsen threshold 1843 Howl Bitmap #cards 512 size 80 coarsen threshold 460 Card regions per heap region 1 cards per card region 2048
 CPUs: 4 total, 4 available
 Memory: 7609M
 Large Page Support: Disabled
 NUMA Support: Disabled
 Compressed Oops: Enabled (32-bit)
 Heap Region Size: 1M
 Heap Min Capacity: 8M
 Heap Initial Capacity: 120M
 Heap Max Capacity: 1G
 Pre-touch: Disabled
 Parallel Workers: 4
 Concurrent Workers: 1
 Concurrent Refinement Workers: 4
 Periodic GC: Disabled
Heap:
 garbage-first heap   total 405504K, used 257024K [0x00000000c0000000, 0x0000000100000000)
  region size 1024K, 26 young (26624K), 12 survivors (12288K)
 Metaspace       used 101581K, committed 103616K, reserved 1179648K
  class space    used 13549K, committed 14592K, reserved 1048576K
GC Heap History (20 events):
Event: 96.081 GC heap before
{Heap before GC invocations=55 (full 0):
 garbage-first heap   total 288768K, used 208317K [0x00000000c0000000, 0x0000000100000000)
  region size 1024K, 65 young (66560K), 7 survivors (7168K)
 Metaspace       used 95657K, committed 97728K, reserved 1179648K
  class space    used 12683K, committed 13760K, reserved 1048576K
}
Event: 96.107 GC heap after
{Heap after GC invocations=56 (full 0):
 garbage-first heap   total 288768K, used 161167K [0x00000000c0000000, 0x0000000100000000)
  region size 1024K, 9 young (9216K), 9 survivors (9216K)
 Metaspace       used 95657K, committed 97728K, reserved 1179648K
  class space    used 12683K, committed 13760K, reserved 1048576K
}
Event: 96.308 GC heap before
{Heap before GC invocations=56 (full 0):
 garbage-first heap   total 288768K, used 166287K [0x00000000c0000000, 0x0000000100000000)
  region size 1024K, 14 young (14336K), 9 survivors (9216K)
 Metaspace       used 95657K, committed 97728K, reserved 1179648K
  class space    used 12683K, committed 13760K, reserved 1048576K
}
Event: 96.326 GC heap after
{Heap after GC invocations=57 (full 0):
 garbage-first heap   total 288768K, used 159905K [0x00000000c0000000, 0x0000000100000000)
  region size 1024K, 2 young (2048K), 2 survivors (2048K)
 Metaspace       used 95657K, committed 97728K, reserved 1179648K
  class space    used 12683K, committed 13760K, reserved 1048576K
}
Event: 96.973 GC heap before
{Heap before GC invocations=57 (full 0):
 garbage-first heap   total 288768K, used 215201K [0x00000000c0000000, 0x0000000100000000)
  region size 1024K, 57 young (58368K), 2 survivors (2048K)
 Metaspace       used 95982K, committed 98048K, reserved 1179648K
  class space    used 12728K, committed 13824K, reserved 1048576K
}
Event: 97.002 GC heap after
{Heap after GC invocations=58 (full 0):
 garbage-first heap   total 288768K, used 169463K [0x00000000c0000000, 0x0000000100000000)
  region size 1024K, 8 young (8192K), 8 survivors (8192K)
 Metaspace       used 95982K, committed 98048K, reserved 1179648K
  class space    used 12728K, committed 13824K, reserved 1048576K
}
Event: 99.121 GC heap before
{Heap before GC invocations=58 (full 0):
 garbage-first heap   total 288768K, used 222711K [0x00000000c0000000, 0x0000000100000000)
  region size 1024K, 60 young (61440K), 8 survivors (8192K)
 Metaspace       used 96731K, committed 98816K, reserved 1179648K
  class space    used 12854K, committed 13952K, reserved 1048576K
}
Event: 99.184 GC heap after
{Heap after GC invocations=59 (full 0):
 garbage-first heap   total 288768K, used 180437K [0x00000000c0000000, 0x0000000100000000)
  region size 1024K, 8 young (8192K), 8 survivors (8192K)
 Metaspace       used 96731K, committed 98816K, reserved 1179648K
  class space    used 12854K, committed 13952K, reserved 1048576K
}
Event: 100.531 GC heap before
{Heap before GC invocations=59 (full 0):
 garbage-first heap   total 288768K, used 227541K [0x00000000c0000000, 0x0000000100000000)
  region size 1024K, 55 young (56320K), 8 survivors (8192K)
 Metaspace       used 98024K, committed 100096K, reserved 1179648K
  class space    used 12991K, committed 14080K, reserved 1048576K
}
Event: 100.576 GC heap after
{Heap after GC invocations=60 (full 0):
 garbage-first heap   total 288768K, used 189440K [0x00000000c0000000, 0x0000000100000000)
  region size 1024K, 7 young (7168K), 7 survivors (7168K)
 Metaspace       used 98024K, committed 100096K, reserved 1179648K
  class space    used 12991K, committed 14080K, reserved 1048576K
}
Event: 101.448 GC heap before
{Heap before GC invocations=60 (full 0):
 garbage-first heap   total 368640K, used 233472K [0x00000000c0000000, 0x0000000100000000)
  region size 1024K, 50 young (51200K), 7 survivors (7168K)
 Metaspace       used 98480K, committed 100544K, reserved 1179648K
  class space    used 13054K, committed 14144K, reserved 1048576K
}
Event: 101.484 GC heap after
{Heap after GC invocations=61 (full 0):
 garbage-first heap   total 368640K, used 199117K [0x00000000c0000000, 0x0000000100000000)
  region size 1024K, 7 young (7168K), 7 survivors (7168K)
 Metaspace       used 98480K, committed 100544K, reserved 1179648K
  class space    used 13054K, committed 14144K, reserved 1048576K
}
Event: 102.782 GC heap before
{Heap before GC invocations=62 (full 0):
 garbage-first heap   total 368640K, used 283085K [0x00000000c0000000, 0x0000000100000000)
  region size 1024K, 89 young (91136K), 7 survivors (7168K)
 Metaspace       used 98871K, committed 100928K, reserved 1179648K
  class space    used 13108K, committed 14208K, reserved 1048576K
}
Event: 102.891 GC heap after
{Heap after GC invocations=63 (full 0):
 garbage-first heap   total 368640K, used 214448K [0x00000000c0000000, 0x0000000100000000)
  region size 1024K, 12 young (12288K), 12 survivors (12288K)
 Metaspace       used 98871K, committed 100928K, reserved 1179648K
  class space    used 13108K, committed 14208K, reserved 1048576K
}
Event: 102.922 GC heap before
{Heap before GC invocations=63 (full 0):
 garbage-first heap   total 368640K, used 220592K [0x00000000c0000000, 0x0000000100000000)
  region size 1024K, 18 young (18432K), 12 survivors (12288K)
 Metaspace       used 98872K, committed 100928K, reserved 1179648K
  class space    used 13108K, committed 14208K, reserved 1048576K
}
Event: 102.963 GC heap after
{Heap after GC invocations=64 (full 0):
 garbage-first heap   total 405504K, used 213445K [0x00000000c0000000, 0x0000000100000000)
  region size 1024K, 2 young (2048K), 2 survivors (2048K)
 Metaspace       used 98872K, committed 100928K, reserved 1179648K
  class space    used 13108K, committed 14208K, reserved 1048576K
}
Event: 104.195 GC heap before
{Heap before GC invocations=64 (full 0):
 garbage-first heap   total 405504K, used 307653K [0x00000000c0000000, 0x0000000100000000)
  region size 1024K, 94 young (96256K), 2 survivors (2048K)
 Metaspace       used 98918K, committed 100992K, reserved 1179648K
  class space    used 13114K, committed 14208K, reserved 1048576K
}
Event: 104.228 GC heap after
{Heap after GC invocations=65 (full 0):
 garbage-first heap   total 405504K, used 229888K [0x00000000c0000000, 0x0000000100000000)
  region size 1024K, 12 young (12288K), 12 survivors (12288K)
 Metaspace       used 98918K, committed 100992K, reserved 1179648K
  class space    used 13114K, committed 14208K, reserved 1048576K
}
Event: 113.303 GC heap before
{Heap before GC invocations=65 (full 0):
 garbage-first heap   total 405504K, used 315904K [0x00000000c0000000, 0x0000000100000000)
  region size 1024K, 96 young (98304K), 12 survivors (12288K)
 Metaspace       used 99821K, committed 101824K, reserved 1179648K
  class space    used 13270K, committed 14336K, reserved 1048576K
}
Event: 113.609 GC heap after
{Heap after GC invocations=66 (full 0):
 garbage-first heap   total 405504K, used 243712K [0x00000000c0000000, 0x0000000100000000)
  region size 1024K, 12 young (12288K), 12 survivors (12288K)
 Metaspace       used 99821K, committed 101824K, reserved 1179648K
  class space    used 13270K, committed 14336K, reserved 1048576K
}

